<?xml version="1.0" encoding="UTF-8"?>
<!-- Generated by org.testng.reporters.JUnitXMLReporter -->
<testsuite hostname="VIJAY" ignored="1" name="Default test" tests="6" failures="0" timestamp="10 Sep 2024 08:34:53 GMT" time="0.122" errors="0">
  <testcase name="tc4" time="0.015" classname="org.tstng.anotations.Sample2"/>
  <testcase name="tc4" time="0.0" classname="org.tstng.anotations.Sample2"/>
  <testcase name="tc4" time="0.0" classname="org.tstng.anotations.Sample2"/>
  <testcase name="tc2" time="0.0" classname="org.tstng.anotations.Sample2"/>
  <testcase name="tc6" time="0.0" classname="org.tstng.anotations.Sample2"/>
  <testcase name="tc5" time="0.0" classname="org.tstng.anotations.Sample2"/>
  <testcase name="tc1" time="0.0" classname="org.tstng.anotations.Sample2">
    <ignored/>
  </testcase> <!-- tc1 -->
</testsuite> <!-- Default test -->
